2015-04-29 09:33:51 Notice: Notice (8): Use of undefined constant alt - assumed 'alt' in [/Applications/MAMP/htdocs/monish/dash/src/Template/Layout/default.ctp, line 68]
Trace:
Cake\Error\BaseErrorHandler::handleError() - CORE/src/Error/BaseErrorHandler.php, line 138
include - APP/Template/Layout/default.ctp, line 68
Cake\View\View::_evaluate() - CORE/src/View/View.php, line 815
Cake\View\View::_render() - CORE/src/View/View.php, line 775
Cake\View\View::renderLayout() - CORE/src/View/View.php, line 509
Cake\View\View::render() - CORE/src/View/View.php, line 471
Cake\Controller\Controller::render() - CORE/src/Controller/Controller.php, line 575
Cake\Routing\Dispatcher::_invoke() - CORE/src/Routing/Dispatcher.php, line 120
Cake\Routing\Dispatcher::dispatch() - CORE/src/Routing/Dispatcher.php, line 87
[main] - ROOT/webroot/index.php, line 37



2015-04-29 12:05:29 Notice: Notice (8): Trying to get property of non-object in [C:\wamp\www\monish\dash\src\Template\Maintenances\view.ctp, line 5]
Trace:
Cake\Error\BaseErrorHandler::handleError() - CORE\src\Error\BaseErrorHandler.php, line 138
include - APP/Template\Maintenances\view.ctp, line 5
Cake\View\View::_evaluate() - CORE\src\View\View.php, line 815
Cake\View\View::_render() - CORE\src\View\View.php, line 775
Cake\View\View::render() - CORE\src\View\View.php, line 463
Cake\Controller\Controller::render() - CORE\src\Controller\Controller.php, line 575
Cake\Routing\Dispatcher::_invoke() - CORE\src\Routing\Dispatcher.php, line 120
Cake\Routing\Dispatcher::dispatch() - CORE\src\Routing\Dispatcher.php, line 87
[main] - ROOT\webroot\index.php, line 37



2015-04-29 12:05:46 Notice: Notice (8): Trying to get property of non-object in [C:\wamp\www\monish\dash\src\Template\Maintenances\view.ctp, line 5]
Trace:
Cake\Error\BaseErrorHandler::handleError() - CORE\src\Error\BaseErrorHandler.php, line 138
include - APP/Template\Maintenances\view.ctp, line 5
Cake\View\View::_evaluate() - CORE\src\View\View.php, line 815
Cake\View\View::_render() - CORE\src\View\View.php, line 775
Cake\View\View::render() - CORE\src\View\View.php, line 463
Cake\Controller\Controller::render() - CORE\src\Controller\Controller.php, line 575
Cake\Routing\Dispatcher::_invoke() - CORE\src\Routing\Dispatcher.php, line 120
Cake\Routing\Dispatcher::dispatch() - CORE\src\Routing\Dispatcher.php, line 87
[main] - ROOT\webroot\index.php, line 37



2015-04-30 04:24:23 Notice: Notice (8): Trying to get property of non-object in [C:\wamp\www\monish\dash\src\Template\Rooms\view.ctp, line 45]
Trace:
Cake\Error\BaseErrorHandler::handleError() - CORE\src\Error\BaseErrorHandler.php, line 138
include - APP/Template\Rooms\view.ctp, line 45
Cake\View\View::_evaluate() - CORE\src\View\View.php, line 815
Cake\View\View::_render() - CORE\src\View\View.php, line 775
Cake\View\View::render() - CORE\src\View\View.php, line 463
Cake\Controller\Controller::render() - CORE\src\Controller\Controller.php, line 575
Cake\Routing\Dispatcher::_invoke() - CORE\src\Routing\Dispatcher.php, line 120
Cake\Routing\Dispatcher::dispatch() - CORE\src\Routing\Dispatcher.php, line 87
[main] - ROOT\webroot\index.php, line 37



2015-04-30 04:24:23 Notice: Notice (8): Trying to get property of non-object in [C:\wamp\www\monish\dash\src\Template\Rooms\view.ctp, line 45]
Trace:
Cake\Error\BaseErrorHandler::handleError() - CORE\src\Error\BaseErrorHandler.php, line 138
include - APP/Template\Rooms\view.ctp, line 45
Cake\View\View::_evaluate() - CORE\src\View\View.php, line 815
Cake\View\View::_render() - CORE\src\View\View.php, line 775
Cake\View\View::render() - CORE\src\View\View.php, line 463
Cake\Controller\Controller::render() - CORE\src\Controller\Controller.php, line 575
Cake\Routing\Dispatcher::_invoke() - CORE\src\Routing\Dispatcher.php, line 120
Cake\Routing\Dispatcher::dispatch() - CORE\src\Routing\Dispatcher.php, line 87
[main] - ROOT\webroot\index.php, line 37



2015-04-30 04:24:23 Notice: Notice (8): Trying to get property of non-object in [C:\wamp\www\monish\dash\src\Template\Rooms\view.ctp, line 45]
Trace:
Cake\Error\BaseErrorHandler::handleError() - CORE\src\Error\BaseErrorHandler.php, line 138
include - APP/Template\Rooms\view.ctp, line 45
Cake\View\View::_evaluate() - CORE\src\View\View.php, line 815
Cake\View\View::_render() - CORE\src\View\View.php, line 775
Cake\View\View::render() - CORE\src\View\View.php, line 463
Cake\Controller\Controller::render() - CORE\src\Controller\Controller.php, line 575
Cake\Routing\Dispatcher::_invoke() - CORE\src\Routing\Dispatcher.php, line 120
Cake\Routing\Dispatcher::dispatch() - CORE\src\Routing\Dispatcher.php, line 87
[main] - ROOT\webroot\index.php, line 37



2015-04-30 04:24:23 Notice: Notice (8): Trying to get property of non-object in [C:\wamp\www\monish\dash\src\Template\Rooms\view.ctp, line 45]
Trace:
Cake\Error\BaseErrorHandler::handleError() - CORE\src\Error\BaseErrorHandler.php, line 138
include - APP/Template\Rooms\view.ctp, line 45
Cake\View\View::_evaluate() - CORE\src\View\View.php, line 815
Cake\View\View::_render() - CORE\src\View\View.php, line 775
Cake\View\View::render() - CORE\src\View\View.php, line 463
Cake\Controller\Controller::render() - CORE\src\Controller\Controller.php, line 575
Cake\Routing\Dispatcher::_invoke() - CORE\src\Routing\Dispatcher.php, line 120
Cake\Routing\Dispatcher::dispatch() - CORE\src\Routing\Dispatcher.php, line 87
[main] - ROOT\webroot\index.php, line 37



2015-04-30 04:24:23 Notice: Notice (8): Trying to get property of non-object in [C:\wamp\www\monish\dash\src\Template\Rooms\view.ctp, line 45]
Trace:
Cake\Error\BaseErrorHandler::handleError() - CORE\src\Error\BaseErrorHandler.php, line 138
include - APP/Template\Rooms\view.ctp, line 45
Cake\View\View::_evaluate() - CORE\src\View\View.php, line 815
Cake\View\View::_render() - CORE\src\View\View.php, line 775
Cake\View\View::render() - CORE\src\View\View.php, line 463
Cake\Controller\Controller::render() - CORE\src\Controller\Controller.php, line 575
Cake\Routing\Dispatcher::_invoke() - CORE\src\Routing\Dispatcher.php, line 120
Cake\Routing\Dispatcher::dispatch() - CORE\src\Routing\Dispatcher.php, line 87
[main] - ROOT\webroot\index.php, line 37



2015-04-30 04:24:23 Notice: Notice (8): Trying to get property of non-object in [C:\wamp\www\monish\dash\src\Template\Rooms\view.ctp, line 45]
Trace:
Cake\Error\BaseErrorHandler::handleError() - CORE\src\Error\BaseErrorHandler.php, line 138
include - APP/Template\Rooms\view.ctp, line 45
Cake\View\View::_evaluate() - CORE\src\View\View.php, line 815
Cake\View\View::_render() - CORE\src\View\View.php, line 775
Cake\View\View::render() - CORE\src\View\View.php, line 463
Cake\Controller\Controller::render() - CORE\src\Controller\Controller.php, line 575
Cake\Routing\Dispatcher::_invoke() - CORE\src\Routing\Dispatcher.php, line 120
Cake\Routing\Dispatcher::dispatch() - CORE\src\Routing\Dispatcher.php, line 87
[main] - ROOT\webroot\index.php, line 37



2015-04-30 04:24:23 Notice: Notice (8): Trying to get property of non-object in [C:\wamp\www\monish\dash\src\Template\Rooms\view.ctp, line 45]
Trace:
Cake\Error\BaseErrorHandler::handleError() - CORE\src\Error\BaseErrorHandler.php, line 138
include - APP/Template\Rooms\view.ctp, line 45
Cake\View\View::_evaluate() - CORE\src\View\View.php, line 815
Cake\View\View::_render() - CORE\src\View\View.php, line 775
Cake\View\View::render() - CORE\src\View\View.php, line 463
Cake\Controller\Controller::render() - CORE\src\Controller\Controller.php, line 575
Cake\Routing\Dispatcher::_invoke() - CORE\src\Routing\Dispatcher.php, line 120
Cake\Routing\Dispatcher::dispatch() - CORE\src\Routing\Dispatcher.php, line 87
[main] - ROOT\webroot\index.php, line 37



2015-04-30 04:24:23 Notice: Notice (8): Trying to get property of non-object in [C:\wamp\www\monish\dash\src\Template\Rooms\view.ctp, line 45]
Trace:
Cake\Error\BaseErrorHandler::handleError() - CORE\src\Error\BaseErrorHandler.php, line 138
include - APP/Template\Rooms\view.ctp, line 45
Cake\View\View::_evaluate() - CORE\src\View\View.php, line 815
Cake\View\View::_render() - CORE\src\View\View.php, line 775
Cake\View\View::render() - CORE\src\View\View.php, line 463
Cake\Controller\Controller::render() - CORE\src\Controller\Controller.php, line 575
Cake\Routing\Dispatcher::_invoke() - CORE\src\Routing\Dispatcher.php, line 120
Cake\Routing\Dispatcher::dispatch() - CORE\src\Routing\Dispatcher.php, line 87
[main] - ROOT\webroot\index.php, line 37



2015-04-30 04:24:23 Notice: Notice (8): Trying to get property of non-object in [C:\wamp\www\monish\dash\src\Template\Rooms\view.ctp, line 45]
Trace:
Cake\Error\BaseErrorHandler::handleError() - CORE\src\Error\BaseErrorHandler.php, line 138
include - APP/Template\Rooms\view.ctp, line 45
Cake\View\View::_evaluate() - CORE\src\View\View.php, line 815
Cake\View\View::_render() - CORE\src\View\View.php, line 775
Cake\View\View::render() - CORE\src\View\View.php, line 463
Cake\Controller\Controller::render() - CORE\src\Controller\Controller.php, line 575
Cake\Routing\Dispatcher::_invoke() - CORE\src\Routing\Dispatcher.php, line 120
Cake\Routing\Dispatcher::dispatch() - CORE\src\Routing\Dispatcher.php, line 87
[main] - ROOT\webroot\index.php, line 37



2015-04-30 04:24:23 Notice: Notice (8): Trying to get property of non-object in [C:\wamp\www\monish\dash\src\Template\Rooms\view.ctp, line 45]
Trace:
Cake\Error\BaseErrorHandler::handleError() - CORE\src\Error\BaseErrorHandler.php, line 138
include - APP/Template\Rooms\view.ctp, line 45
Cake\View\View::_evaluate() - CORE\src\View\View.php, line 815
Cake\View\View::_render() - CORE\src\View\View.php, line 775
Cake\View\View::render() - CORE\src\View\View.php, line 463
Cake\Controller\Controller::render() - CORE\src\Controller\Controller.php, line 575
Cake\Routing\Dispatcher::_invoke() - CORE\src\Routing\Dispatcher.php, line 120
Cake\Routing\Dispatcher::dispatch() - CORE\src\Routing\Dispatcher.php, line 87
[main] - ROOT\webroot\index.php, line 37



2015-04-30 04:24:24 Notice: Notice (8): Trying to get property of non-object in [C:\wamp\www\monish\dash\src\Template\Rooms\view.ctp, line 45]
Trace:
Cake\Error\BaseErrorHandler::handleError() - CORE\src\Error\BaseErrorHandler.php, line 138
include - APP/Template\Rooms\view.ctp, line 45
Cake\View\View::_evaluate() - CORE\src\View\View.php, line 815
Cake\View\View::_render() - CORE\src\View\View.php, line 775
Cake\View\View::render() - CORE\src\View\View.php, line 463
Cake\Controller\Controller::render() - CORE\src\Controller\Controller.php, line 575
Cake\Routing\Dispatcher::_invoke() - CORE\src\Routing\Dispatcher.php, line 120
Cake\Routing\Dispatcher::dispatch() - CORE\src\Routing\Dispatcher.php, line 87
[main] - ROOT\webroot\index.php, line 37



2015-04-30 04:24:24 Notice: Notice (8): Trying to get property of non-object in [C:\wamp\www\monish\dash\src\Template\Rooms\view.ctp, line 45]
Trace:
Cake\Error\BaseErrorHandler::handleError() - CORE\src\Error\BaseErrorHandler.php, line 138
include - APP/Template\Rooms\view.ctp, line 45
Cake\View\View::_evaluate() - CORE\src\View\View.php, line 815
Cake\View\View::_render() - CORE\src\View\View.php, line 775
Cake\View\View::render() - CORE\src\View\View.php, line 463
Cake\Controller\Controller::render() - CORE\src\Controller\Controller.php, line 575
Cake\Routing\Dispatcher::_invoke() - CORE\src\Routing\Dispatcher.php, line 120
Cake\Routing\Dispatcher::dispatch() - CORE\src\Routing\Dispatcher.php, line 87
[main] - ROOT\webroot\index.php, line 37



2015-04-30 04:24:24 Notice: Notice (8): Trying to get property of non-object in [C:\wamp\www\monish\dash\src\Template\Rooms\view.ctp, line 45]
Trace:
Cake\Error\BaseErrorHandler::handleError() - CORE\src\Error\BaseErrorHandler.php, line 138
include - APP/Template\Rooms\view.ctp, line 45
Cake\View\View::_evaluate() - CORE\src\View\View.php, line 815
Cake\View\View::_render() - CORE\src\View\View.php, line 775
Cake\View\View::render() - CORE\src\View\View.php, line 463
Cake\Controller\Controller::render() - CORE\src\Controller\Controller.php, line 575
Cake\Routing\Dispatcher::_invoke() - CORE\src\Routing\Dispatcher.php, line 120
Cake\Routing\Dispatcher::dispatch() - CORE\src\Routing\Dispatcher.php, line 87
[main] - ROOT\webroot\index.php, line 37



2015-04-30 04:24:24 Notice: Notice (8): Trying to get property of non-object in [C:\wamp\www\monish\dash\src\Template\Rooms\view.ctp, line 45]
Trace:
Cake\Error\BaseErrorHandler::handleError() - CORE\src\Error\BaseErrorHandler.php, line 138
include - APP/Template\Rooms\view.ctp, line 45
Cake\View\View::_evaluate() - CORE\src\View\View.php, line 815
Cake\View\View::_render() - CORE\src\View\View.php, line 775
Cake\View\View::render() - CORE\src\View\View.php, line 463
Cake\Controller\Controller::render() - CORE\src\Controller\Controller.php, line 575
Cake\Routing\Dispatcher::_invoke() - CORE\src\Routing\Dispatcher.php, line 120
Cake\Routing\Dispatcher::dispatch() - CORE\src\Routing\Dispatcher.php, line 87
[main] - ROOT\webroot\index.php, line 37



2015-04-30 04:24:24 Notice: Notice (8): Trying to get property of non-object in [C:\wamp\www\monish\dash\src\Template\Rooms\view.ctp, line 45]
Trace:
Cake\Error\BaseErrorHandler::handleError() - CORE\src\Error\BaseErrorHandler.php, line 138
include - APP/Template\Rooms\view.ctp, line 45
Cake\View\View::_evaluate() - CORE\src\View\View.php, line 815
Cake\View\View::_render() - CORE\src\View\View.php, line 775
Cake\View\View::render() - CORE\src\View\View.php, line 463
Cake\Controller\Controller::render() - CORE\src\Controller\Controller.php, line 575
Cake\Routing\Dispatcher::_invoke() - CORE\src\Routing\Dispatcher.php, line 120
Cake\Routing\Dispatcher::dispatch() - CORE\src\Routing\Dispatcher.php, line 87
[main] - ROOT\webroot\index.php, line 37



2015-04-30 04:24:24 Notice: Notice (8): Trying to get property of non-object in [C:\wamp\www\monish\dash\src\Template\Rooms\view.ctp, line 45]
Trace:
Cake\Error\BaseErrorHandler::handleError() - CORE\src\Error\BaseErrorHandler.php, line 138
include - APP/Template\Rooms\view.ctp, line 45
Cake\View\View::_evaluate() - CORE\src\View\View.php, line 815
Cake\View\View::_render() - CORE\src\View\View.php, line 775
Cake\View\View::render() - CORE\src\View\View.php, line 463
Cake\Controller\Controller::render() - CORE\src\Controller\Controller.php, line 575
Cake\Routing\Dispatcher::_invoke() - CORE\src\Routing\Dispatcher.php, line 120
Cake\Routing\Dispatcher::dispatch() - CORE\src\Routing\Dispatcher.php, line 87
[main] - ROOT\webroot\index.php, line 37



2015-04-30 04:24:24 Notice: Notice (8): Trying to get property of non-object in [C:\wamp\www\monish\dash\src\Template\Rooms\view.ctp, line 45]
Trace:
Cake\Error\BaseErrorHandler::handleError() - CORE\src\Error\BaseErrorHandler.php, line 138
include - APP/Template\Rooms\view.ctp, line 45
Cake\View\View::_evaluate() - CORE\src\View\View.php, line 815
Cake\View\View::_render() - CORE\src\View\View.php, line 775
Cake\View\View::render() - CORE\src\View\View.php, line 463
Cake\Controller\Controller::render() - CORE\src\Controller\Controller.php, line 575
Cake\Routing\Dispatcher::_invoke() - CORE\src\Routing\Dispatcher.php, line 120
Cake\Routing\Dispatcher::dispatch() - CORE\src\Routing\Dispatcher.php, line 87
[main] - ROOT\webroot\index.php, line 37



2015-04-30 04:24:24 Notice: Notice (8): Trying to get property of non-object in [C:\wamp\www\monish\dash\src\Template\Rooms\view.ctp, line 45]
Trace:
Cake\Error\BaseErrorHandler::handleError() - CORE\src\Error\BaseErrorHandler.php, line 138
include - APP/Template\Rooms\view.ctp, line 45
Cake\View\View::_evaluate() - CORE\src\View\View.php, line 815
Cake\View\View::_render() - CORE\src\View\View.php, line 775
Cake\View\View::render() - CORE\src\View\View.php, line 463
Cake\Controller\Controller::render() - CORE\src\Controller\Controller.php, line 575
Cake\Routing\Dispatcher::_invoke() - CORE\src\Routing\Dispatcher.php, line 120
Cake\Routing\Dispatcher::dispatch() - CORE\src\Routing\Dispatcher.php, line 87
[main] - ROOT\webroot\index.php, line 37



2015-04-30 04:24:24 Notice: Notice (8): Trying to get property of non-object in [C:\wamp\www\monish\dash\src\Template\Rooms\view.ctp, line 45]
Trace:
Cake\Error\BaseErrorHandler::handleError() - CORE\src\Error\BaseErrorHandler.php, line 138
include - APP/Template\Rooms\view.ctp, line 45
Cake\View\View::_evaluate() - CORE\src\View\View.php, line 815
Cake\View\View::_render() - CORE\src\View\View.php, line 775
Cake\View\View::render() - CORE\src\View\View.php, line 463
Cake\Controller\Controller::render() - CORE\src\Controller\Controller.php, line 575
Cake\Routing\Dispatcher::_invoke() - CORE\src\Routing\Dispatcher.php, line 120
Cake\Routing\Dispatcher::dispatch() - CORE\src\Routing\Dispatcher.php, line 87
[main] - ROOT\webroot\index.php, line 37



2015-04-30 04:24:24 Notice: Notice (8): Trying to get property of non-object in [C:\wamp\www\monish\dash\src\Template\Rooms\view.ctp, line 45]
Trace:
Cake\Error\BaseErrorHandler::handleError() - CORE\src\Error\BaseErrorHandler.php, line 138
include - APP/Template\Rooms\view.ctp, line 45
Cake\View\View::_evaluate() - CORE\src\View\View.php, line 815
Cake\View\View::_render() - CORE\src\View\View.php, line 775
Cake\View\View::render() - CORE\src\View\View.php, line 463
Cake\Controller\Controller::render() - CORE\src\Controller\Controller.php, line 575
Cake\Routing\Dispatcher::_invoke() - CORE\src\Routing\Dispatcher.php, line 120
Cake\Routing\Dispatcher::dispatch() - CORE\src\Routing\Dispatcher.php, line 87
[main] - ROOT\webroot\index.php, line 37



2015-04-30 04:24:36 Notice: Notice (8): Trying to get property of non-object in [C:\wamp\www\monish\dash\src\Template\Rooms\view.ctp, line 45]
Trace:
Cake\Error\BaseErrorHandler::handleError() - CORE\src\Error\BaseErrorHandler.php, line 138
include - APP/Template\Rooms\view.ctp, line 45
Cake\View\View::_evaluate() - CORE\src\View\View.php, line 815
Cake\View\View::_render() - CORE\src\View\View.php, line 775
Cake\View\View::render() - CORE\src\View\View.php, line 463
Cake\Controller\Controller::render() - CORE\src\Controller\Controller.php, line 575
Cake\Routing\Dispatcher::_invoke() - CORE\src\Routing\Dispatcher.php, line 120
Cake\Routing\Dispatcher::dispatch() - CORE\src\Routing\Dispatcher.php, line 87
[main] - ROOT\webroot\index.php, line 37



2015-04-30 04:24:36 Notice: Notice (8): Trying to get property of non-object in [C:\wamp\www\monish\dash\src\Template\Rooms\view.ctp, line 45]
Trace:
Cake\Error\BaseErrorHandler::handleError() - CORE\src\Error\BaseErrorHandler.php, line 138
include - APP/Template\Rooms\view.ctp, line 45
Cake\View\View::_evaluate() - CORE\src\View\View.php, line 815
Cake\View\View::_render() - CORE\src\View\View.php, line 775
Cake\View\View::render() - CORE\src\View\View.php, line 463
Cake\Controller\Controller::render() - CORE\src\Controller\Controller.php, line 575
Cake\Routing\Dispatcher::_invoke() - CORE\src\Routing\Dispatcher.php, line 120
Cake\Routing\Dispatcher::dispatch() - CORE\src\Routing\Dispatcher.php, line 87
[main] - ROOT\webroot\index.php, line 37



2015-04-30 04:24:36 Notice: Notice (8): Trying to get property of non-object in [C:\wamp\www\monish\dash\src\Template\Rooms\view.ctp, line 45]
Trace:
Cake\Error\BaseErrorHandler::handleError() - CORE\src\Error\BaseErrorHandler.php, line 138
include - APP/Template\Rooms\view.ctp, line 45
Cake\View\View::_evaluate() - CORE\src\View\View.php, line 815
Cake\View\View::_render() - CORE\src\View\View.php, line 775
Cake\View\View::render() - CORE\src\View\View.php, line 463
Cake\Controller\Controller::render() - CORE\src\Controller\Controller.php, line 575
Cake\Routing\Dispatcher::_invoke() - CORE\src\Routing\Dispatcher.php, line 120
Cake\Routing\Dispatcher::dispatch() - CORE\src\Routing\Dispatcher.php, line 87
[main] - ROOT\webroot\index.php, line 37



2015-04-30 04:24:36 Notice: Notice (8): Trying to get property of non-object in [C:\wamp\www\monish\dash\src\Template\Rooms\view.ctp, line 45]
Trace:
Cake\Error\BaseErrorHandler::handleError() - CORE\src\Error\BaseErrorHandler.php, line 138
include - APP/Template\Rooms\view.ctp, line 45
Cake\View\View::_evaluate() - CORE\src\View\View.php, line 815
Cake\View\View::_render() - CORE\src\View\View.php, line 775
Cake\View\View::render() - CORE\src\View\View.php, line 463
Cake\Controller\Controller::render() - CORE\src\Controller\Controller.php, line 575
Cake\Routing\Dispatcher::_invoke() - CORE\src\Routing\Dispatcher.php, line 120
Cake\Routing\Dispatcher::dispatch() - CORE\src\Routing\Dispatcher.php, line 87
[main] - ROOT\webroot\index.php, line 37



2015-04-30 04:24:36 Notice: Notice (8): Trying to get property of non-object in [C:\wamp\www\monish\dash\src\Template\Rooms\view.ctp, line 45]
Trace:
Cake\Error\BaseErrorHandler::handleError() - CORE\src\Error\BaseErrorHandler.php, line 138
include - APP/Template\Rooms\view.ctp, line 45
Cake\View\View::_evaluate() - CORE\src\View\View.php, line 815
Cake\View\View::_render() - CORE\src\View\View.php, line 775
Cake\View\View::render() - CORE\src\View\View.php, line 463
Cake\Controller\Controller::render() - CORE\src\Controller\Controller.php, line 575
Cake\Routing\Dispatcher::_invoke() - CORE\src\Routing\Dispatcher.php, line 120
Cake\Routing\Dispatcher::dispatch() - CORE\src\Routing\Dispatcher.php, line 87
[main] - ROOT\webroot\index.php, line 37



2015-04-30 04:24:36 Notice: Notice (8): Trying to get property of non-object in [C:\wamp\www\monish\dash\src\Template\Rooms\view.ctp, line 45]
Trace:
Cake\Error\BaseErrorHandler::handleError() - CORE\src\Error\BaseErrorHandler.php, line 138
include - APP/Template\Rooms\view.ctp, line 45
Cake\View\View::_evaluate() - CORE\src\View\View.php, line 815
Cake\View\View::_render() - CORE\src\View\View.php, line 775
Cake\View\View::render() - CORE\src\View\View.php, line 463
Cake\Controller\Controller::render() - CORE\src\Controller\Controller.php, line 575
Cake\Routing\Dispatcher::_invoke() - CORE\src\Routing\Dispatcher.php, line 120
Cake\Routing\Dispatcher::dispatch() - CORE\src\Routing\Dispatcher.php, line 87
[main] - ROOT\webroot\index.php, line 37



2015-04-30 04:24:36 Notice: Notice (8): Trying to get property of non-object in [C:\wamp\www\monish\dash\src\Template\Rooms\view.ctp, line 45]
Trace:
Cake\Error\BaseErrorHandler::handleError() - CORE\src\Error\BaseErrorHandler.php, line 138
include - APP/Template\Rooms\view.ctp, line 45
Cake\View\View::_evaluate() - CORE\src\View\View.php, line 815
Cake\View\View::_render() - CORE\src\View\View.php, line 775
Cake\View\View::render() - CORE\src\View\View.php, line 463
Cake\Controller\Controller::render() - CORE\src\Controller\Controller.php, line 575
Cake\Routing\Dispatcher::_invoke() - CORE\src\Routing\Dispatcher.php, line 120
Cake\Routing\Dispatcher::dispatch() - CORE\src\Routing\Dispatcher.php, line 87
[main] - ROOT\webroot\index.php, line 37



2015-04-30 04:24:36 Notice: Notice (8): Trying to get property of non-object in [C:\wamp\www\monish\dash\src\Template\Rooms\view.ctp, line 45]
Trace:
Cake\Error\BaseErrorHandler::handleError() - CORE\src\Error\BaseErrorHandler.php, line 138
include - APP/Template\Rooms\view.ctp, line 45
Cake\View\View::_evaluate() - CORE\src\View\View.php, line 815
Cake\View\View::_render() - CORE\src\View\View.php, line 775
Cake\View\View::render() - CORE\src\View\View.php, line 463
Cake\Controller\Controller::render() - CORE\src\Controller\Controller.php, line 575
Cake\Routing\Dispatcher::_invoke() - CORE\src\Routing\Dispatcher.php, line 120
Cake\Routing\Dispatcher::dispatch() - CORE\src\Routing\Dispatcher.php, line 87
[main] - ROOT\webroot\index.php, line 37



2015-04-30 04:24:36 Notice: Notice (8): Trying to get property of non-object in [C:\wamp\www\monish\dash\src\Template\Rooms\view.ctp, line 45]
Trace:
Cake\Error\BaseErrorHandler::handleError() - CORE\src\Error\BaseErrorHandler.php, line 138
include - APP/Template\Rooms\view.ctp, line 45
Cake\View\View::_evaluate() - CORE\src\View\View.php, line 815
Cake\View\View::_render() - CORE\src\View\View.php, line 775
Cake\View\View::render() - CORE\src\View\View.php, line 463
Cake\Controller\Controller::render() - CORE\src\Controller\Controller.php, line 575
Cake\Routing\Dispatcher::_invoke() - CORE\src\Routing\Dispatcher.php, line 120
Cake\Routing\Dispatcher::dispatch() - CORE\src\Routing\Dispatcher.php, line 87
[main] - ROOT\webroot\index.php, line 37



2015-04-30 04:24:36 Notice: Notice (8): Trying to get property of non-object in [C:\wamp\www\monish\dash\src\Template\Rooms\view.ctp, line 45]
Trace:
Cake\Error\BaseErrorHandler::handleError() - CORE\src\Error\BaseErrorHandler.php, line 138
include - APP/Template\Rooms\view.ctp, line 45
Cake\View\View::_evaluate() - CORE\src\View\View.php, line 815
Cake\View\View::_render() - CORE\src\View\View.php, line 775
Cake\View\View::render() - CORE\src\View\View.php, line 463
Cake\Controller\Controller::render() - CORE\src\Controller\Controller.php, line 575
Cake\Routing\Dispatcher::_invoke() - CORE\src\Routing\Dispatcher.php, line 120
Cake\Routing\Dispatcher::dispatch() - CORE\src\Routing\Dispatcher.php, line 87
[main] - ROOT\webroot\index.php, line 37



2015-04-30 04:24:36 Notice: Notice (8): Trying to get property of non-object in [C:\wamp\www\monish\dash\src\Template\Rooms\view.ctp, line 45]
Trace:
Cake\Error\BaseErrorHandler::handleError() - CORE\src\Error\BaseErrorHandler.php, line 138
include - APP/Template\Rooms\view.ctp, line 45
Cake\View\View::_evaluate() - CORE\src\View\View.php, line 815
Cake\View\View::_render() - CORE\src\View\View.php, line 775
Cake\View\View::render() - CORE\src\View\View.php, line 463
Cake\Controller\Controller::render() - CORE\src\Controller\Controller.php, line 575
Cake\Routing\Dispatcher::_invoke() - CORE\src\Routing\Dispatcher.php, line 120
Cake\Routing\Dispatcher::dispatch() - CORE\src\Routing\Dispatcher.php, line 87
[main] - ROOT\webroot\index.php, line 37



2015-04-30 04:24:36 Notice: Notice (8): Trying to get property of non-object in [C:\wamp\www\monish\dash\src\Template\Rooms\view.ctp, line 45]
Trace:
Cake\Error\BaseErrorHandler::handleError() - CORE\src\Error\BaseErrorHandler.php, line 138
include - APP/Template\Rooms\view.ctp, line 45
Cake\View\View::_evaluate() - CORE\src\View\View.php, line 815
Cake\View\View::_render() - CORE\src\View\View.php, line 775
Cake\View\View::render() - CORE\src\View\View.php, line 463
Cake\Controller\Controller::render() - CORE\src\Controller\Controller.php, line 575
Cake\Routing\Dispatcher::_invoke() - CORE\src\Routing\Dispatcher.php, line 120
Cake\Routing\Dispatcher::dispatch() - CORE\src\Routing\Dispatcher.php, line 87
[main] - ROOT\webroot\index.php, line 37



2015-04-30 04:24:36 Notice: Notice (8): Trying to get property of non-object in [C:\wamp\www\monish\dash\src\Template\Rooms\view.ctp, line 45]
Trace:
Cake\Error\BaseErrorHandler::handleError() - CORE\src\Error\BaseErrorHandler.php, line 138
include - APP/Template\Rooms\view.ctp, line 45
Cake\View\View::_evaluate() - CORE\src\View\View.php, line 815
Cake\View\View::_render() - CORE\src\View\View.php, line 775
Cake\View\View::render() - CORE\src\View\View.php, line 463
Cake\Controller\Controller::render() - CORE\src\Controller\Controller.php, line 575
Cake\Routing\Dispatcher::_invoke() - CORE\src\Routing\Dispatcher.php, line 120
Cake\Routing\Dispatcher::dispatch() - CORE\src\Routing\Dispatcher.php, line 87
[main] - ROOT\webroot\index.php, line 37



2015-04-30 04:24:36 Notice: Notice (8): Trying to get property of non-object in [C:\wamp\www\monish\dash\src\Template\Rooms\view.ctp, line 45]
Trace:
Cake\Error\BaseErrorHandler::handleError() - CORE\src\Error\BaseErrorHandler.php, line 138
include - APP/Template\Rooms\view.ctp, line 45
Cake\View\View::_evaluate() - CORE\src\View\View.php, line 815
Cake\View\View::_render() - CORE\src\View\View.php, line 775
Cake\View\View::render() - CORE\src\View\View.php, line 463
Cake\Controller\Controller::render() - CORE\src\Controller\Controller.php, line 575
Cake\Routing\Dispatcher::_invoke() - CORE\src\Routing\Dispatcher.php, line 120
Cake\Routing\Dispatcher::dispatch() - CORE\src\Routing\Dispatcher.php, line 87
[main] - ROOT\webroot\index.php, line 37



2015-04-30 04:24:37 Notice: Notice (8): Trying to get property of non-object in [C:\wamp\www\monish\dash\src\Template\Rooms\view.ctp, line 45]
Trace:
Cake\Error\BaseErrorHandler::handleError() - CORE\src\Error\BaseErrorHandler.php, line 138
include - APP/Template\Rooms\view.ctp, line 45
Cake\View\View::_evaluate() - CORE\src\View\View.php, line 815
Cake\View\View::_render() - CORE\src\View\View.php, line 775
Cake\View\View::render() - CORE\src\View\View.php, line 463
Cake\Controller\Controller::render() - CORE\src\Controller\Controller.php, line 575
Cake\Routing\Dispatcher::_invoke() - CORE\src\Routing\Dispatcher.php, line 120
Cake\Routing\Dispatcher::dispatch() - CORE\src\Routing\Dispatcher.php, line 87
[main] - ROOT\webroot\index.php, line 37



2015-04-30 04:24:37 Notice: Notice (8): Trying to get property of non-object in [C:\wamp\www\monish\dash\src\Template\Rooms\view.ctp, line 45]
Trace:
Cake\Error\BaseErrorHandler::handleError() - CORE\src\Error\BaseErrorHandler.php, line 138
include - APP/Template\Rooms\view.ctp, line 45
Cake\View\View::_evaluate() - CORE\src\View\View.php, line 815
Cake\View\View::_render() - CORE\src\View\View.php, line 775
Cake\View\View::render() - CORE\src\View\View.php, line 463
Cake\Controller\Controller::render() - CORE\src\Controller\Controller.php, line 575
Cake\Routing\Dispatcher::_invoke() - CORE\src\Routing\Dispatcher.php, line 120
Cake\Routing\Dispatcher::dispatch() - CORE\src\Routing\Dispatcher.php, line 87
[main] - ROOT\webroot\index.php, line 37



2015-04-30 04:24:37 Notice: Notice (8): Trying to get property of non-object in [C:\wamp\www\monish\dash\src\Template\Rooms\view.ctp, line 45]
Trace:
Cake\Error\BaseErrorHandler::handleError() - CORE\src\Error\BaseErrorHandler.php, line 138
include - APP/Template\Rooms\view.ctp, line 45
Cake\View\View::_evaluate() - CORE\src\View\View.php, line 815
Cake\View\View::_render() - CORE\src\View\View.php, line 775
Cake\View\View::render() - CORE\src\View\View.php, line 463
Cake\Controller\Controller::render() - CORE\src\Controller\Controller.php, line 575
Cake\Routing\Dispatcher::_invoke() - CORE\src\Routing\Dispatcher.php, line 120
Cake\Routing\Dispatcher::dispatch() - CORE\src\Routing\Dispatcher.php, line 87
[main] - ROOT\webroot\index.php, line 37



2015-04-30 04:24:37 Notice: Notice (8): Trying to get property of non-object in [C:\wamp\www\monish\dash\src\Template\Rooms\view.ctp, line 45]
Trace:
Cake\Error\BaseErrorHandler::handleError() - CORE\src\Error\BaseErrorHandler.php, line 138
include - APP/Template\Rooms\view.ctp, line 45
Cake\View\View::_evaluate() - CORE\src\View\View.php, line 815
Cake\View\View::_render() - CORE\src\View\View.php, line 775
Cake\View\View::render() - CORE\src\View\View.php, line 463
Cake\Controller\Controller::render() - CORE\src\Controller\Controller.php, line 575
Cake\Routing\Dispatcher::_invoke() - CORE\src\Routing\Dispatcher.php, line 120
Cake\Routing\Dispatcher::dispatch() - CORE\src\Routing\Dispatcher.php, line 87
[main] - ROOT\webroot\index.php, line 37



2015-04-30 04:24:37 Notice: Notice (8): Trying to get property of non-object in [C:\wamp\www\monish\dash\src\Template\Rooms\view.ctp, line 45]
Trace:
Cake\Error\BaseErrorHandler::handleError() - CORE\src\Error\BaseErrorHandler.php, line 138
include - APP/Template\Rooms\view.ctp, line 45
Cake\View\View::_evaluate() - CORE\src\View\View.php, line 815
Cake\View\View::_render() - CORE\src\View\View.php, line 775
Cake\View\View::render() - CORE\src\View\View.php, line 463
Cake\Controller\Controller::render() - CORE\src\Controller\Controller.php, line 575
Cake\Routing\Dispatcher::_invoke() - CORE\src\Routing\Dispatcher.php, line 120
Cake\Routing\Dispatcher::dispatch() - CORE\src\Routing\Dispatcher.php, line 87
[main] - ROOT\webroot\index.php, line 37



2015-04-30 04:24:37 Notice: Notice (8): Trying to get property of non-object in [C:\wamp\www\monish\dash\src\Template\Rooms\view.ctp, line 45]
Trace:
Cake\Error\BaseErrorHandler::handleError() - CORE\src\Error\BaseErrorHandler.php, line 138
include - APP/Template\Rooms\view.ctp, line 45
Cake\View\View::_evaluate() - CORE\src\View\View.php, line 815
Cake\View\View::_render() - CORE\src\View\View.php, line 775
Cake\View\View::render() - CORE\src\View\View.php, line 463
Cake\Controller\Controller::render() - CORE\src\Controller\Controller.php, line 575
Cake\Routing\Dispatcher::_invoke() - CORE\src\Routing\Dispatcher.php, line 120
Cake\Routing\Dispatcher::dispatch() - CORE\src\Routing\Dispatcher.php, line 87
[main] - ROOT\webroot\index.php, line 37



2015-04-30 04:25:08 Notice: Notice (8): Trying to get property of non-object in [C:\wamp\www\monish\dash\src\Template\Rooms\view.ctp, line 44]
Trace:
Cake\Error\BaseErrorHandler::handleError() - CORE\src\Error\BaseErrorHandler.php, line 138
include - APP/Template\Rooms\view.ctp, line 44
Cake\View\View::_evaluate() - CORE\src\View\View.php, line 815
Cake\View\View::_render() - CORE\src\View\View.php, line 775
Cake\View\View::render() - CORE\src\View\View.php, line 463
Cake\Controller\Controller::render() - CORE\src\Controller\Controller.php, line 575
Cake\Routing\Dispatcher::_invoke() - CORE\src\Routing\Dispatcher.php, line 120
Cake\Routing\Dispatcher::dispatch() - CORE\src\Routing\Dispatcher.php, line 87
[main] - ROOT\webroot\index.php, line 37



2015-04-30 04:25:08 Notice: Notice (8): Trying to get property of non-object in [C:\wamp\www\monish\dash\src\Template\Rooms\view.ctp, line 44]
Trace:
Cake\Error\BaseErrorHandler::handleError() - CORE\src\Error\BaseErrorHandler.php, line 138
include - APP/Template\Rooms\view.ctp, line 44
Cake\View\View::_evaluate() - CORE\src\View\View.php, line 815
Cake\View\View::_render() - CORE\src\View\View.php, line 775
Cake\View\View::render() - CORE\src\View\View.php, line 463
Cake\Controller\Controller::render() - CORE\src\Controller\Controller.php, line 575
Cake\Routing\Dispatcher::_invoke() - CORE\src\Routing\Dispatcher.php, line 120
Cake\Routing\Dispatcher::dispatch() - CORE\src\Routing\Dispatcher.php, line 87
[main] - ROOT\webroot\index.php, line 37



2015-04-30 04:25:08 Notice: Notice (8): Trying to get property of non-object in [C:\wamp\www\monish\dash\src\Template\Rooms\view.ctp, line 44]
Trace:
Cake\Error\BaseErrorHandler::handleError() - CORE\src\Error\BaseErrorHandler.php, line 138
include - APP/Template\Rooms\view.ctp, line 44
Cake\View\View::_evaluate() - CORE\src\View\View.php, line 815
Cake\View\View::_render() - CORE\src\View\View.php, line 775
Cake\View\View::render() - CORE\src\View\View.php, line 463
Cake\Controller\Controller::render() - CORE\src\Controller\Controller.php, line 575
Cake\Routing\Dispatcher::_invoke() - CORE\src\Routing\Dispatcher.php, line 120
Cake\Routing\Dispatcher::dispatch() - CORE\src\Routing\Dispatcher.php, line 87
[main] - ROOT\webroot\index.php, line 37



2015-04-30 04:25:08 Notice: Notice (8): Trying to get property of non-object in [C:\wamp\www\monish\dash\src\Template\Rooms\view.ctp, line 44]
Trace:
Cake\Error\BaseErrorHandler::handleError() - CORE\src\Error\BaseErrorHandler.php, line 138
include - APP/Template\Rooms\view.ctp, line 44
Cake\View\View::_evaluate() - CORE\src\View\View.php, line 815
Cake\View\View::_render() - CORE\src\View\View.php, line 775
Cake\View\View::render() - CORE\src\View\View.php, line 463
Cake\Controller\Controller::render() - CORE\src\Controller\Controller.php, line 575
Cake\Routing\Dispatcher::_invoke() - CORE\src\Routing\Dispatcher.php, line 120
Cake\Routing\Dispatcher::dispatch() - CORE\src\Routing\Dispatcher.php, line 87
[main] - ROOT\webroot\index.php, line 37



2015-04-30 04:30:44 Notice: Notice (8): Trying to get property of non-object in [C:\wamp\www\monish\dash\src\Controller\RoomsController.php, line 41]
Trace:
Cake\Error\BaseErrorHandler::handleError() - CORE\src\Error\BaseErrorHandler.php, line 138
App\Controller\RoomsController::view() - APP/Controller\RoomsController.php, line 41
Cake\Controller\Controller::invokeAction() - CORE\src\Controller\Controller.php, line 404
Cake\Routing\Dispatcher::_invoke() - CORE\src\Routing\Dispatcher.php, line 114
Cake\Routing\Dispatcher::dispatch() - CORE\src\Routing\Dispatcher.php, line 87
[main] - ROOT\webroot\index.php, line 37



2015-04-30 04:30:54 Notice: Notice (8): Trying to get property of non-object in [C:\wamp\www\monish\dash\src\Controller\RoomsController.php, line 41]
Trace:
Cake\Error\BaseErrorHandler::handleError() - CORE\src\Error\BaseErrorHandler.php, line 138
App\Controller\RoomsController::view() - APP/Controller\RoomsController.php, line 41
Cake\Controller\Controller::invokeAction() - CORE\src\Controller\Controller.php, line 404
Cake\Routing\Dispatcher::_invoke() - CORE\src\Routing\Dispatcher.php, line 114
Cake\Routing\Dispatcher::dispatch() - CORE\src\Routing\Dispatcher.php, line 87
[main] - ROOT\webroot\index.php, line 37



2015-04-30 04:31:10 Notice: Notice (8): Trying to get property of non-object in [C:\wamp\www\monish\dash\src\Controller\RoomsController.php, line 41]
Trace:
Cake\Error\BaseErrorHandler::handleError() - CORE\src\Error\BaseErrorHandler.php, line 138
App\Controller\RoomsController::view() - APP/Controller\RoomsController.php, line 41
Cake\Controller\Controller::invokeAction() - CORE\src\Controller\Controller.php, line 404
Cake\Routing\Dispatcher::_invoke() - CORE\src\Routing\Dispatcher.php, line 114
Cake\Routing\Dispatcher::dispatch() - CORE\src\Routing\Dispatcher.php, line 87
[main] - ROOT\webroot\index.php, line 37



2015-04-30 04:34:59 Notice: Notice (8): Use of undefined constant id - assumed 'id' in [C:\wamp\www\monish\dash\src\Template\Rooms\view.ctp, line 44]
Trace:
Cake\Error\BaseErrorHandler::handleError() - CORE\src\Error\BaseErrorHandler.php, line 138
include - APP/Template\Rooms\view.ctp, line 44
Cake\View\View::_evaluate() - CORE\src\View\View.php, line 815
Cake\View\View::_render() - CORE\src\View\View.php, line 775
Cake\View\View::render() - CORE\src\View\View.php, line 463
Cake\Controller\Controller::render() - CORE\src\Controller\Controller.php, line 575
Cake\Routing\Dispatcher::_invoke() - CORE\src\Routing\Dispatcher.php, line 120
Cake\Routing\Dispatcher::dispatch() - CORE\src\Routing\Dispatcher.php, line 87
[main] - ROOT\webroot\index.php, line 37



